#
# There is insufficient memory for the Java Runtime Environment to continue.
# Native memory allocation (malloc) failed to allocate 32744 bytes for ChunkPool::allocate
# Possible reasons:
#   The system is out of physical RAM or swap space
#   The process is running with CompressedOops enabled, and the Java Heap may be blocking the growth of the native heap
# Possible solutions:
#   Reduce memory load on the system
#   Increase physical memory or swap space
#   Check if swap backing store is full
#   Decrease Java heap size (-Xmx/-Xms)
#   Decrease number of Java threads
#   Decrease Java thread stack sizes (-Xss)
#   Set larger code cache with -XX:ReservedCodeCacheSize=
#   JVM is running with Unscaled Compressed Oops mode in which the Java heap is
#     placed in the first 4GB address space. The Java Heap base address is the
#     maximum limit for the native heap growth. Please use -XX:HeapBaseMinAddress
#     to set the Java Heap base and to place the Java Heap above 4GB virtual address.
# This output file may be truncated or incomplete.
#
#  Out of Memory Error (allocation.cpp:272), pid=10780, tid=0x0000000000001d70
#
# JRE version: OpenJDK Runtime Environment (8.0_242-b01) (build 1.8.0_242-release-1644-b01)
# Java VM: OpenJDK 64-Bit Server VM (25.242-b01 mixed mode windows-amd64 compressed oops)
# Failed to write core dump. Minidumps are not enabled by default on client versions of Windows
#

---------------  T H R E A D  ---------------

Current thread (0x0000000015d19000):  JavaThread "C2 CompilerThread0" daemon [_thread_in_native, id=7536, stack(0x00000000165e0000,0x00000000166e0000)]

Stack: [0x00000000165e0000,0x00000000166e0000]
[error occurred during error reporting (printing stack bounds), id 0xc0000005]

Native frames: (J=compiled Java code, j=interpreted, Vv=VM code, C=native code)


Current CompileTask:
C2:  36928 2082       4       java.net.URLClassLoader$1::run (5 bytes)


---------------  P R O C E S S  ---------------

Java Threads: ( => current thread )
  0x00000000180ac800 JavaThread "Cache worker for execution history cache (C:\Users\kms\.gradle\caches\6.2\executionHistory)" [_thread_blocked, id=11976, stack(0x000000001e580000,0x000000001e680000)]
  0x00000000180ac000 JavaThread "Cache worker for cache directory md-rule (C:\Users\kms\.gradle\caches\6.2\md-rule)" [_thread_blocked, id=11904, stack(0x000000001e480000,0x000000001e580000)]
  0x00000000180ab000 JavaThread "Cache worker for cache directory md-supplier (C:\Users\kms\.gradle\caches\6.2\md-supplier)" [_thread_blocked, id=11900, stack(0x000000001d1a0000,0x000000001d2a0000)]
  0x00000000180ae000 JavaThread "Cache worker for file hash cache (E:\projects\workana\QR code\Project\PagoFree\android\.gradle\6.2\fileHashes)" [_thread_blocked, id=11760, stack(0x000000001cea0000,0x000000001cfa0000)]
  0x00000000180b0800 JavaThread "Cache worker for checksums cache (E:\projects\workana\QR code\Project\PagoFree\android\.gradle\checksums)" [_thread_blocked, id=11732, stack(0x000000001cda0000,0x000000001cea0000)]
  0x00000000180b1000 JavaThread "Cache worker for file hash cache (C:\Users\kms\.gradle\caches\6.2\fileHashes)" [_thread_blocked, id=3844, stack(0x0000000019b30000,0x0000000019c30000)]
  0x00000000180ad800 JavaThread "File lock request listener" [_thread_in_native, id=8144, stack(0x0000000019a30000,0x0000000019b30000)]
  0x0000000017605800 JavaThread "Cache worker for journal cache (C:\Users\kms\.gradle\caches\journal-1)" [_thread_blocked, id=8196, stack(0x0000000019930000,0x0000000019a30000)]
  0x0000000015e9f800 JavaThread "Thread-9" [_thread_blocked, id=9804, stack(0x0000000019630000,0x0000000019730000)]
  0x0000000015e9c800 JavaThread "Stdin handler" [_thread_blocked, id=7208, stack(0x0000000019530000,0x0000000019630000)]
  0x0000000015e9b800 JavaThread "Asynchronous log dispatcher for DefaultDaemonConnection: socket connection from /127.0.0.1:49479 to /127.0.0.1:49480" [_thread_blocked, id=5432, stack(0x0000000019330000,0x0000000019430000)]
  0x000000001808b000 JavaThread "Daemon worker" [_thread_in_native, id=9588, stack(0x0000000019230000,0x0000000019330000)]
  0x0000000017478000 JavaThread "Cancel handler" [_thread_blocked, id=10896, stack(0x0000000019130000,0x0000000019230000)]
  0x000000001750b000 JavaThread "Handler for socket connection from /127.0.0.1:49479 to /127.0.0.1:49480" [_thread_in_native, id=1200, stack(0x0000000018e30000,0x0000000018f30000)]
  0x0000000015dbf800 JavaThread "Daemon" [_thread_blocked, id=10184, stack(0x0000000018d30000,0x0000000018e30000)]
  0x00000000177f4800 JavaThread "Daemon periodic checks" [_thread_blocked, id=9936, stack(0x0000000018c30000,0x0000000018d30000)]
  0x00000000177f3800 JavaThread "Incoming local TCP Connector on port 49479" [_thread_in_native, id=4248, stack(0x00000000189f0000,0x0000000018af0000)]
  0x0000000017f2c000 JavaThread "Daemon health stats" [_thread_blocked, id=3848, stack(0x00000000183b0000,0x00000000184b0000)]
  0x0000000015d3d800 JavaThread "Service Thread" daemon [_thread_blocked, id=5504, stack(0x00000000169e0000,0x0000000016ae0000)]
  0x0000000015d30000 JavaThread "C1 CompilerThread3" daemon [_thread_blocked, id=11112, stack(0x00000000168e0000,0x00000000169e0000)]
  0x0000000015d22000 JavaThread "C2 CompilerThread2" daemon [_thread_in_native, id=8948, stack(0x00000000167e0000,0x00000000168e0000)]
  0x0000000015d1b000 JavaThread "C2 CompilerThread1" daemon [_thread_blocked, id=9812, stack(0x00000000166e0000,0x00000000167e0000)]
=>0x0000000015d19000 JavaThread "C2 CompilerThread0" daemon [_thread_in_native, id=7536, stack(0x00000000165e0000,0x00000000166e0000)]
  0x0000000015d16800 JavaThread "Attach Listener" daemon [_thread_blocked, id=4800, stack(0x00000000164e0000,0x00000000165e0000)]
  0x0000000015d15800 JavaThread "Signal Dispatcher" daemon [_thread_blocked, id=1516, stack(0x00000000163e0000,0x00000000164e0000)]
  0x0000000015d01000 JavaThread "Finalizer" daemon [_thread_blocked, id=5192, stack(0x00000000161e0000,0x00000000162e0000)]
  0x0000000002688000 JavaThread "Reference Handler" daemon [_thread_blocked, id=6384, stack(0x00000000160e0000,0x00000000161e0000)]
  0x0000000002594000 JavaThread "main" [_thread_blocked, id=11000, stack(0x0000000002490000,0x0000000002590000)]

Other Threads:
  0x0000000013ef7000 VMThread [stack: 0x0000000015be0000,0x0000000015ce0000] [id=9604]
  0x0000000015d3e800 WatcherThread [stack: 0x0000000016ae0000,0x0000000016be0000] [id=432]

VM state:not at safepoint (normal execution)

VM Mutex/Monitor currently owned by a thread: None

heap address: 0x00000000e0000000, size: 512 MB, Compressed Oops mode: 32-bit
Narrow klass base: 0x0000000000000000, Narrow klass shift: 3
Compressed class space size: 1073741824 Address: 0x0000000100000000

Heap:
 PSYoungGen      total 76288K, used 42796K [0x00000000f5580000, 0x00000000faa80000, 0x0000000100000000)
  eden space 65536K, 65% used [0x00000000f5580000,0x00000000f7f4b200,0x00000000f9580000)
  from space 10752K, 0% used [0x00000000fa000000,0x00000000fa000000,0x00000000faa80000)
  to   space 10752K, 0% used [0x00000000f9580000,0x00000000f9580000,0x00000000fa000000)
 ParOldGen       total 175104K, used 7207K [0x00000000e0000000, 0x00000000eab00000, 0x00000000f5580000)
  object space 175104K, 4% used [0x00000000e0000000,0x00000000e0709da8,0x00000000eab00000)
 Metaspace       used 26714K, capacity 27394K, committed 27520K, reserved 1073152K
  class space    used 3668K, capacity 3863K, committed 3968K, reserved 1048576K

Card table byte_map: [0x0000000011a50000,0x0000000011b60000] byte_map_base: 0x0000000011350000

Marking Bits: (ParMarkBitMap*) 0x0000000070a1f030
 Begin Bits: [0x0000000012410000, 0x0000000012c10000)
 End Bits:   [0x0000000012c10000, 0x0000000013410000)

Polling page: 0x0000000000700000

CodeCache: size=245760Kb used=6629Kb max_used=6629Kb free=239130Kb
 bounds [0x0000000002690000, 0x0000000002d10000, 0x0000000011690000]
 total_blobs=2350 nmethods=1907 adapters=356
 compilation: enabled

Compilation events (10 events):
Event: 36.419 Thread 0x0000000015d30000 nmethod 2079 0x0000000002d01850 code [0x0000000002d01bc0, 0x0000000002d03978]
Event: 36.419 Thread 0x0000000015d30000 2080       3       org.codehaus.groovy.reflection.CachedClass::getSuperClassDistance (41 bytes)
Event: 36.419 Thread 0x0000000015d30000 nmethod 2080 0x0000000002d04790 code [0x0000000002d04900, 0x0000000002d04ca8]
Event: 36.419 Thread 0x0000000015d30000 2077       3       java.util.Arrays::binarySearch0 (95 bytes)
Event: 36.419 Thread 0x0000000015d30000 nmethod 2077 0x0000000002d04dd0 code [0x0000000002d04f60, 0x0000000002d05398]
Event: 36.419 Thread 0x0000000015d30000 2081       3       groovy.lang.MetaMethod::getMopName (105 bytes)
Event: 36.420 Thread 0x0000000015d30000 nmethod 2081 0x0000000002d055d0 code [0x0000000002d058c0, 0x0000000002d06f68]
Event: 36.423 Thread 0x0000000015d1b000 nmethod 2078 0x0000000002d0a8d0 code [0x0000000002d0aa20, 0x0000000002d0aed8]
Event: 36.595 Thread 0x0000000015d19000 2082       4       java.net.URLClassLoader$1::run (5 bytes)
Event: 36.596 Thread 0x0000000015d22000 2083   !   4       java.net.URLClassLoader$1::run (63 bytes)

GC Heap History (10 events):
Event: 6.405 GC heap before
{Heap before GC invocations=1 (full 0):
 PSYoungGen      total 76288K, used 65536K [0x00000000f5580000, 0x00000000faa80000, 0x0000000100000000)
  eden space 65536K, 100% used [0x00000000f5580000,0x00000000f9580000,0x00000000f9580000)
  from space 10752K, 0% used [0x00000000fa000000,0x00000000fa000000,0x00000000faa80000)
  to   space 10752K, 0% used [0x00000000f9580000,0x00000000f9580000,0x00000000fa000000)
 ParOldGen       total 175104K, used 0K [0x00000000e0000000, 0x00000000eab00000, 0x00000000f5580000)
  object space 175104K, 0% used [0x00000000e0000000,0x00000000e0000000,0x00000000eab00000)
 Metaspace       used 7419K, capacity 7590K, committed 7680K, reserved 1056768K
  class space    used 908K, capacity 981K, committed 1024K, reserved 1048576K
Event: 6.410 GC heap after
Heap after GC invocations=1 (full 0):
 PSYoungGen      total 76288K, used 5742K [0x00000000f5580000, 0x00000000faa80000, 0x0000000100000000)
  eden space 65536K, 0% used [0x00000000f5580000,0x00000000f5580000,0x00000000f9580000)
  from space 10752K, 53% used [0x00000000f9580000,0x00000000f9b1b900,0x00000000fa000000)
  to   space 10752K, 0% used [0x00000000fa000000,0x00000000fa000000,0x00000000faa80000)
 ParOldGen       total 175104K, used 16K [0x00000000e0000000, 0x00000000eab00000, 0x00000000f5580000)
  object space 175104K, 0% used [0x00000000e0000000,0x00000000e0004000,0x00000000eab00000)
 Metaspace       used 7419K, capacity 7590K, committed 7680K, reserved 1056768K
  class space    used 908K, capacity 981K, committed 1024K, reserved 1048576K
}
Event: 19.006 GC heap before
{Heap before GC invocations=2 (full 0):
 PSYoungGen      total 76288K, used 71278K [0x00000000f5580000, 0x00000000faa80000, 0x0000000100000000)
  eden space 65536K, 100% used [0x00000000f5580000,0x00000000f9580000,0x00000000f9580000)
  from space 10752K, 53% used [0x00000000f9580000,0x00000000f9b1b900,0x00000000fa000000)
  to   space 10752K, 0% used [0x00000000fa000000,0x00000000fa000000,0x00000000faa80000)
 ParOldGen       total 175104K, used 16K [0x00000000e0000000, 0x00000000eab00000, 0x00000000f5580000)
  object space 175104K, 0% used [0x00000000e0000000,0x00000000e0004000,0x00000000eab00000)
 Metaspace       used 14876K, capacity 15218K, committed 15488K, reserved 1062912K
  class space    used 1968K, capacity 2131K, committed 2176K, reserved 1048576K
Event: 19.014 GC heap after
Heap after GC invocations=2 (full 0):
 PSYoungGen      total 76288K, used 9391K [0x00000000f5580000, 0x00000000faa80000, 0x0000000100000000)
  eden space 65536K, 0% used [0x00000000f5580000,0x00000000f5580000,0x00000000f9580000)
  from space 10752K, 87% used [0x00000000fa000000,0x00000000fa92bc58,0x00000000faa80000)
  to   space 10752K, 0% used [0x00000000f9580000,0x00000000f9580000,0x00000000fa000000)
 ParOldGen       total 175104K, used 24K [0x00000000e0000000, 0x00000000eab00000, 0x00000000f5580000)
  object space 175104K, 0% used [0x00000000e0000000,0x00000000e0006000,0x00000000eab00000)
 Metaspace       used 14876K, capacity 15218K, committed 15488K, reserved 1062912K
  class space    used 1968K, capacity 2131K, committed 2176K, reserved 1048576K
}
Event: 28.918 GC heap before
{Heap before GC invocations=3 (full 0):
 PSYoungGen      total 76288K, used 74927K [0x00000000f5580000, 0x00000000faa80000, 0x0000000100000000)
  eden space 65536K, 100% used [0x00000000f5580000,0x00000000f9580000,0x00000000f9580000)
  from space 10752K, 87% used [0x00000000fa000000,0x00000000fa92bc58,0x00000000faa80000)
  to   space 10752K, 0% used [0x00000000f9580000,0x00000000f9580000,0x00000000fa000000)
 ParOldGen       total 175104K, used 24K [0x00000000e0000000, 0x00000000eab00000, 0x00000000f5580000)
  object space 175104K, 0% used [0x00000000e0000000,0x00000000e0006000,0x00000000eab00000)
 Metaspace       used 19958K, capacity 20478K, committed 20736K, reserved 1067008K
  class space    used 2791K, capacity 2955K, committed 3072K, reserved 1048576K
Event: 28.926 GC heap after
Heap after GC invocations=3 (full 0):
 PSYoungGen      total 76288K, used 10734K [0x00000000f5580000, 0x00000000faa80000, 0x0000000100000000)
  eden space 65536K, 0% used [0x00000000f5580000,0x00000000f5580000,0x00000000f9580000)
  from space 10752K, 99% used [0x00000000f9580000,0x00000000f9ffb898,0x00000000fa000000)
  to   space 10752K, 0% used [0x00000000fa000000,0x00000000fa000000,0x00000000faa80000)
 ParOldGen       total 175104K, used 539K [0x00000000e0000000, 0x00000000eab00000, 0x00000000f5580000)
  object space 175104K, 0% used [0x00000000e0000000,0x00000000e0086df0,0x00000000eab00000)
 Metaspace       used 19958K, capacity 20478K, committed 20736K, reserved 1067008K
  class space    used 2791K, capacity 2955K, committed 3072K, reserved 1048576K
}
Event: 29.232 GC heap before
{Heap before GC invocations=4 (full 0):
 PSYoungGen      total 76288K, used 22675K [0x00000000f5580000, 0x00000000faa80000, 0x0000000100000000)
  eden space 65536K, 18% used [0x00000000f5580000,0x00000000f61294b8,0x00000000f9580000)
  from space 10752K, 99% used [0x00000000f9580000,0x00000000f9ffb898,0x00000000fa000000)
  to   space 10752K, 0% used [0x00000000fa000000,0x00000000fa000000,0x00000000faa80000)
 ParOldGen       total 175104K, used 539K [0x00000000e0000000, 0x00000000eab00000, 0x00000000f5580000)
  object space 175104K, 0% used [0x00000000e0000000,0x00000000e0086df0,0x00000000eab00000)
 Metaspace       used 20655K, capacity 21198K, committed 21248K, reserved 1067008K
  class space    used 2899K, capacity 3063K, committed 3072K, reserved 1048576K
Event: 29.237 GC heap after
Heap after GC invocations=4 (full 0):
 PSYoungGen      total 76288K, used 7436K [0x00000000f5580000, 0x00000000faa80000, 0x0000000100000000)
  eden space 65536K, 0% used [0x00000000f5580000,0x00000000f5580000,0x00000000f9580000)
  from space 10752K, 69% used [0x00000000fa000000,0x00000000fa743000,0x00000000faa80000)
  to   space 10752K, 0% used [0x00000000f9580000,0x00000000f9580000,0x00000000fa000000)
 ParOldGen       total 175104K, used 547K [0x00000000e0000000, 0x00000000eab00000, 0x00000000f5580000)
  object space 175104K, 0% used [0x00000000e0000000,0x00000000e0088df0,0x00000000eab00000)
 Metaspace       used 20655K, capacity 21198K, committed 21248K, reserved 1067008K
  class space    used 2899K, capacity 3063K, committed 3072K, reserved 1048576K
}
Event: 29.237 GC heap before
{Heap before GC invocations=5 (full 1):
 PSYoungGen      total 76288K, used 7436K [0x00000000f5580000, 0x00000000faa80000, 0x0000000100000000)
  eden space 65536K, 0% used [0x00000000f5580000,0x00000000f5580000,0x00000000f9580000)
  from space 10752K, 69% used [0x00000000fa000000,0x00000000fa743000,0x00000000faa80000)
  to   space 10752K, 0% used [0x00000000f9580000,0x00000000f9580000,0x00000000fa000000)
 ParOldGen       total 175104K, used 547K [0x00000000e0000000, 0x00000000eab00000, 0x00000000f5580000)
  object space 175104K, 0% used [0x00000000e0000000,0x00000000e0088df0,0x00000000eab00000)
 Metaspace       used 20655K, capacity 21198K, committed 21248K, reserved 1067008K
  class space    used 2899K, capacity 3063K, committed 3072K, reserved 1048576K
Event: 29.606 GC heap after
Heap after GC invocations=5 (full 1):
 PSYoungGen      total 76288K, used 0K [0x00000000f5580000, 0x00000000faa80000, 0x0000000100000000)
  eden space 65536K, 0% used [0x00000000f5580000,0x00000000f5580000,0x00000000f9580000)
  from space 10752K, 0% used [0x00000000fa000000,0x00000000fa000000,0x00000000faa80000)
  to   space 10752K, 0% used [0x00000000f9580000,0x00000000f9580000,0x00000000fa000000)
 ParOldGen       total 175104K, used 7207K [0x00000000e0000000, 0x00000000eab00000, 0x00000000f5580000)
  object space 175104K, 4% used [0x00000000e0000000,0x00000000e0709da8,0x00000000eab00000)
 Metaspace       used 20655K, capacity 21198K, committed 21248K, reserved 1067008K
  class space    used 2899K, capacity 3063K, committed 3072K, reserved 1048576K
}

Deoptimization events (10 events):
Event: 25.947 Thread 0x000000001808b000 Uncommon trap: reason=unstable_if action=reinterpret pc=0x00000000028d7d90 method=java.util.HashMap.getNode(ILjava/lang/Object;)Ljava/util/HashMap$Node; @ 129
Event: 26.076 Thread 0x000000001808b000 Uncommon trap: reason=unstable_if action=reinterpret pc=0x0000000002858388 method=java.net.URI.match(CJJ)Z @ 19
Event: 26.076 Thread 0x000000001808b000 Uncommon trap: reason=unstable_if action=reinterpret pc=0x0000000002935540 method=java.net.URI.match(CJJ)Z @ 19
Event: 29.046 Thread 0x000000001808b000 Uncommon trap: reason=unstable_if action=reinterpret pc=0x00000000027ab3e4 method=java.util.HashMap.hash(Ljava/lang/Object;)I @ 1
Event: 29.607 Thread 0x0000000015d01000 Uncommon trap: reason=unstable_if action=reinterpret pc=0x0000000002c13a7c method=java.lang.ref.Finalizer.remove()V @ 10
Event: 29.607 Thread 0x0000000015d01000 Uncommon trap: reason=unstable_if action=reinterpret pc=0x00000000028822a4 method=java.lang.ref.Finalizer.remove()V @ 10
Event: 29.607 Thread 0x0000000015d01000 Uncommon trap: reason=unstable_if action=reinterpret pc=0x00000000028993a8 method=java.lang.ref.Finalizer.remove()V @ 10
Event: 29.899 Thread 0x000000001808b000 Uncommon trap: reason=unstable_if action=reinterpret pc=0x000000000299cfcc method=java.io.WinNTFileSystem.resolve(Ljava/lang/String;Ljava/lang/String;)Ljava/lang/String; @ 49
Event: 30.110 Thread 0x000000001808b000 Uncommon trap: reason=unstable_if action=reinterpret pc=0x00000000029b65f0 method=java.util.LinkedHashMap.afterNodeInsertion(Z)V @ 1
Event: 32.493 Thread 0x000000001808b000 Uncommon trap: reason=unstable_if action=reinterpret pc=0x0000000002b070cc method=java.util.HashMap.putVal(ILjava/lang/Object;Ljava/lang/Object;ZZ)Ljava/lang/Object; @ 162

Classes redefined (0 events):
No events

Internal exceptions (10 events):
Event: 22.848 Thread 0x000000001808b000 Exception <a 'java/lang/NoSuchMethodError': java.lang.Object.lambda$and$0(Ljava/util/function/Predicate;Ljava/lang/Object;)Z> (0x00000000f6a6e0b8) thrown at [C:\src\AOSP-openjdk-git\hotspot\src\share\vm\interpreter\linkResolver.cpp, line 620]
Event: 23.014 Thread 0x000000001808b000 Exception <a 'java/lang/IncompatibleClassChangeError': Found class java.lang.Object, but interface was expected> (0x00000000f6a7e940) thrown at [C:\src\AOSP-openjdk-git\hotspot\src\share\vm\interpreter\linkResolver.cpp, line 653]
Event: 23.061 Thread 0x000000001808b000 Exception <a 'java/lang/NoSuchMethodError': java.lang.Object.lambda$or$2(Ljava/util/function/Predicate;Ljava/lang/Object;)Z> (0x00000000f6a838d8) thrown at [C:\src\AOSP-openjdk-git\hotspot\src\share\vm\interpreter\linkResolver.cpp, line 620]
Event: 25.029 Thread 0x000000001808b000 Exception <a 'java/lang/NoSuchMethodError': java.lang.Object.lambda$withReadOnlyCache$0(Ljava/util/function/BiFunction;Lorg/gradle/api/internal/artifacts/ivyservice/ArtifactCacheMetadata;)Ljava/lang/Object;> (0x00000000f7c3f598) thrown at [C:\src\AOSP-ope
Event: 29.046 Thread 0x000000001808b000 Implicit null exception at 0x00000000027ab1d5 to 0x00000000027ab3d5
Event: 29.188 Thread 0x000000001808b000 Exception <a 'java/lang/NoSuchMethodError': java.lang.Object.lambda$static$0(Lorg/gradle/api/internal/artifacts/ivyservice/ivyresolve/ModuleComponentRepository;Ljava/lang/String;Lorg/gradle/api/internal/artifacts/configurations/ResolutionStrategyInternal;
Event: 36.596 Thread 0x000000001808b000 Exception <a 'java/lang/ClassNotFoundException': groovy/lang/ExpandoMetaClassBeanInfo> (0x00000000f7dc8900) thrown at [C:\src\AOSP-openjdk-git\hotspot\src\share\vm\classfile\systemDictionary.cpp, line 210]
Event: 36.596 Thread 0x000000001808b000 Exception <a 'java/lang/ClassNotFoundException': groovy/lang/MetaClassImplBeanInfo> (0x00000000f7ddb828) thrown at [C:\src\AOSP-openjdk-git\hotspot\src\share\vm\classfile\systemDictionary.cpp, line 210]
Event: 36.596 Thread 0x000000001808b000 Exception <a 'java/lang/ClassNotFoundException': java/lang/ObjectBeanInfo> (0x00000000f7de4290) thrown at [C:\src\AOSP-openjdk-git\hotspot\src\share\vm\classfile\systemDictionary.cpp, line 210]
Event: 36.597 Thread 0x000000001808b000 Exception <a 'java/lang/ClassNotFoundException': java/lang/ObjectCustomizer> (0x00000000f7dece40) thrown at [C:\src\AOSP-openjdk-git\hotspot\src\share\vm\classfile\systemDictionary.cpp, line 210]

Events (10 events):
Event: 36.596 loading class java/lang/ObjectBeanInfo done
Event: 36.596 loading class java/lang/ObjectBeanInfo
Event: 36.596 loading class java/lang/ObjectBeanInfo done
Event: 36.596 loading class java/beans/BeanDescriptor
Event: 36.597 loading class java/beans/BeanDescriptor done
Event: 36.597 loading class java/lang/ObjectCustomizer
Event: 36.597 loading class java/lang/ObjectCustomizer done
Event: 36.597 loading class java/lang/ObjectCustomizer
Event: 36.597 loading class java/lang/ObjectCustomizer done
Event: 36.597 loading class com/sun/beans/finder/MethodFinder


Dynamic libraries:
0x00007ff7a2070000 - 0x00007ff7a20a1000 	C:\Program Files\Android\Android Studio\jre\bin\java.exe
0x00007ff876470000 - 0x00007ff876665000 	C:\WINDOWS\SYSTEM32\ntdll.dll
0x00007ff875f80000 - 0x00007ff87603d000 	C:\WINDOWS\System32\KERNEL32.DLL
0x00007ff873c60000 - 0x00007ff873f29000 	C:\WINDOWS\System32\KERNELBASE.dll
0x00007ff876370000 - 0x00007ff87641c000 	C:\WINDOWS\System32\ADVAPI32.dll
0x00007ff8749f0000 - 0x00007ff874a8e000 	C:\WINDOWS\System32\msvcrt.dll
0x00007ff876140000 - 0x00007ff8761dc000 	C:\WINDOWS\System32\sechost.dll
0x00007ff8761e0000 - 0x00007ff87630b000 	C:\WINDOWS\System32\RPCRT4.dll
0x00007ff8745b0000 - 0x00007ff874750000 	C:\WINDOWS\System32\USER32.dll
0x00007ff874220000 - 0x00007ff874242000 	C:\WINDOWS\System32\win32u.dll
0x00007ff876050000 - 0x00007ff87607a000 	C:\WINDOWS\System32\GDI32.dll
0x00007ff873fb0000 - 0x00007ff8740bb000 	C:\WINDOWS\System32\gdi32full.dll
0x00007ff874350000 - 0x00007ff8743ed000 	C:\WINDOWS\System32\msvcp_win.dll
0x00007ff874250000 - 0x00007ff874350000 	C:\WINDOWS\System32\ucrtbase.dll
0x00007ff86b7b0000 - 0x00007ff86ba4a000 	C:\WINDOWS\WinSxS\amd64_microsoft.windows.common-controls_6595b64144ccf1df_6.0.19041.844_none_ca00b6081b84eb1d\COMCTL32.dll
0x00007ff874bc0000 - 0x00007ff874bf0000 	C:\WINDOWS\System32\IMM32.DLL
0x0000000070aa0000 - 0x0000000070b72000 	C:\Program Files\Android\Android Studio\jre\jre\bin\msvcr100.dll
0x0000000070250000 - 0x0000000070a9b000 	C:\Program Files\Android\Android Studio\jre\jre\bin\server\jvm.dll
0x00007ff8745a0000 - 0x00007ff8745a8000 	C:\WINDOWS\System32\PSAPI.DLL
0x00007ff86d950000 - 0x00007ff86d95a000 	C:\WINDOWS\SYSTEM32\VERSION.dll
0x00007ff86bc00000 - 0x00007ff86bc27000 	C:\WINDOWS\SYSTEM32\WINMM.dll
0x00007ff866660000 - 0x00007ff866669000 	C:\WINDOWS\SYSTEM32\WSOCK32.dll
0x00007ff8748f0000 - 0x00007ff87495b000 	C:\WINDOWS\System32\WS2_32.dll
0x00007ff866650000 - 0x00007ff86665f000 	C:\Program Files\Android\Android Studio\jre\jre\bin\verify.dll
0x00007ff83c0f0000 - 0x00007ff83c119000 	C:\Program Files\Android\Android Studio\jre\jre\bin\java.dll
0x00007ff83c0d0000 - 0x00007ff83c0e6000 	C:\Program Files\Android\Android Studio\jre\jre\bin\zip.dll
0x00007ff8755a0000 - 0x00007ff875ce2000 	C:\WINDOWS\System32\SHELL32.dll
0x00007ff871cf0000 - 0x00007ff872480000 	C:\WINDOWS\SYSTEM32\windows.storage.dll
0x00007ff875190000 - 0x00007ff8754e5000 	C:\WINDOWS\System32\combase.dll
0x00007ff873480000 - 0x00007ff8734ac000 	C:\WINDOWS\SYSTEM32\Wldp.dll
0x00007ff8750e0000 - 0x00007ff87518e000 	C:\WINDOWS\System32\SHCORE.dll
0x00007ff876080000 - 0x00007ff8760d5000 	C:\WINDOWS\System32\shlwapi.dll
0x00007ff873af0000 - 0x00007ff873b0f000 	C:\WINDOWS\SYSTEM32\profapi.dll
0x00007ff81abb0000 - 0x00007ff81abca000 	C:\Program Files\Android\Android Studio\jre\jre\bin\net.dll
0x00007ff873270000 - 0x00007ff8732da000 	C:\WINDOWS\system32\mswsock.dll
0x00007ff81ab90000 - 0x00007ff81aba3000 	C:\Program Files\Android\Android Studio\jre\jre\bin\nio.dll
0x00007ff81ab60000 - 0x00007ff81ab8a000 	C:\Users\kms\.gradle\native\36\windows-amd64\native-platform.dll
0x00007ff835ca0000 - 0x00007ff835cad000 	C:\Program Files\Android\Android Studio\jre\jre\bin\management.dll
0x00007ff8737e0000 - 0x00007ff8737f8000 	C:\WINDOWS\SYSTEM32\CRYPTSP.dll
0x00007ff872c30000 - 0x00007ff872c64000 	C:\WINDOWS\system32\rsaenh.dll
0x00007ff8744a0000 - 0x00007ff8744c7000 	C:\WINDOWS\System32\bcrypt.dll
0x00007ff873ab0000 - 0x00007ff873ade000 	C:\WINDOWS\SYSTEM32\USERENV.dll
0x00007ff873f30000 - 0x00007ff873fb0000 	C:\WINDOWS\System32\bcryptprimitives.dll
0x00007ff8733f0000 - 0x00007ff8733fc000 	C:\WINDOWS\SYSTEM32\CRYPTBASE.dll
0x00007ff872f80000 - 0x00007ff872fbb000 	C:\WINDOWS\SYSTEM32\IPHLPAPI.DLL
0x00007ff876420000 - 0x00007ff876428000 	C:\WINDOWS\System32\NSI.dll
0x00007ff86e900000 - 0x00007ff86e917000 	C:\WINDOWS\SYSTEM32\dhcpcsvc6.DLL
0x00007ff86e8e0000 - 0x00007ff86e8fd000 	C:\WINDOWS\SYSTEM32\dhcpcsvc.DLL
0x00007ff872fc0000 - 0x00007ff87308b000 	C:\WINDOWS\SYSTEM32\DNSAPI.dll

VM Arguments:
jvm_args: -XX:MaxMetaspaceSize=256m -XX:+HeapDumpOnOutOfMemoryError -Xms256m -Xmx512m -Dfile.encoding=windows-1252 -Duser.country=US -Duser.language=en -Duser.variant 
java_command: org.gradle.launcher.daemon.bootstrap.GradleDaemon 6.2
java_class_path (initial): C:\Users\kms\.gradle\wrapper\dists\gradle-6.2-all\dvufqs6kielxeao781pmk5huj\gradle-6.2\lib\gradle-launcher-6.2.jar
Launcher Type: SUN_STANDARD

Environment Variables:
JAVA_HOME=C:\Program Files\Android\Android Studio\jre\jre
CLASSPATH=E:\projects\workana\QR code\Project\PagoFree\android\\gradle\wrapper\gradle-wrapper.jar
PATH=E:\projects\workana\QR code\Project\PagoFree\android\node_modules\.bin;E:\projects\workana\QR code\Project\PagoFree\node_modules\.bin;E:\projects\workana\QR code\Project\node_modules\.bin;E:\projects\workana\QR code\node_modules\.bin;E:\projects\workana\node_modules\.bin;E:\projects\node_modules\.bin;E:\node_modules\.bin;C:\Program Files\nodejs;C:\Users\kms\AppData\Local\Temp\yarn--1616655009443-0.8956217770930095;E:\projects\workana\QR code\Project\PagoFree\node_modules\.bin;C:\Users\kms\AppData\Local\Yarn\Data\link\node_modules\.bin;C:\Program Files\libexec\lib\node_modules\npm\bin\node-gyp-bin;C:\Program Files\lib\node_modules\npm\bin\node-gyp-bin;C:\Program Files\nodejs\node_modules\npm\bin\node-gyp-bin;C:\Program Files (x86)\Common Files\Oracle\Java\javapath;C:\WINDOWS\system32;C:\WINDOWS;C:\WINDOWS\System32\Wbem;C:\WINDOWS\System32\WindowsPowerShell\v1.0\;C:\Program Files\Git\cmd;C:\ProgramData\chocolatey\bin;%LOCALAPPDATA%\Android\Sdk\platform-tools;C:\Program Files\heroku\bin;%LOCALAPPDATA%\Android\Sdk\tools;C:\Program Files\MongoDB\Server\4.4\bin;C:\ProgramData\ComposerSetup\bin;C:\composer;C:\curl-7.74.0_2-win64-mingw\bin;C:\Users\kms\Desktop\laravel_using_docker\vendor\bin;C:\Program Files (x86)\Yarn\bin\;C:\Program Files\nodejs\;C:\Program Files\Amazon\AWSCLIV2\;E:\projects\workana\QR code\Project\PagoFree\node_modules\.bin;D:\xampp\php;C:\Program Files\Symfony;C:\Program Files\Docker\Docker;C:\Program Files\Docker\Docker\resources\bin;C:\ProgramData\DockerDesktop\version-bin;E:\projects\workana\autolab(peru)\Chigui\client\node_modules\.bin;;C:\WINDOWS\System32\OpenSSH\;C:\Users\kms\AppData\Local\Microsoft\WindowsApps;C:\Users\kms\AppData\Local\Programs\Microsoft VS Code\bin;C:\Users\kms\composer;C:\Users\kms\AppData\Roaming\Composer\vendor\bin;C:\Program Files\heroku\bin;C:\Users\kms\AppData\Local\Yarn\bin;D:\xampp\php;C:\Users\kms\AppData\Local\GitHubDesktop\bin
USERNAME=Lionheart
OS=Windows_NT
PROCESSOR_IDENTIFIER=Intel64 Family 6 Model 158 Stepping 9, GenuineIntel



---------------  S Y S T E M  ---------------

OS: Windows 10.0 , 64 bit Build 19041 (10.0.19041.804)

CPU:total 8 (initial active 8) (4 cores per cpu, 2 threads per core) family 6 model 158 stepping 9, cmov, cx8, fxsr, mmx, sse, sse2, sse3, ssse3, sse4.1, sse4.2, popcnt, avx, avx2, aes, clmul, erms, rtm, 3dnowpref, lzcnt, ht, tsc, tscinvbit, bmi1, bmi2, adx

Memory: 4k page, physical 8292992k(1995040k free), swap 8292992k(10536k free)

vm_info: OpenJDK 64-Bit Server VM (25.242-b01) for windows-amd64 JRE (1.8.0_242-release-1644-b01), built by "builder" with MS VC++ 10.0 (VS2010)

time: Thu Mar 25 08:52:00 2021
timezone: West Bank Gaza Standard Time
elapsed time: 36 seconds (0d 0h 0m 36s)

